#
# There is insufficient memory for the Java Runtime Environment to continue.
# Native memory allocation (malloc) failed to allocate 32744 bytes for ChunkPool::allocate
# Possible reasons:
#   The system is out of physical RAM or swap space
#   The process is running with CompressedOops enabled, and the Java Heap may be blocking the growth of the native heap
# Possible solutions:
#   Reduce memory load on the system
#   Increase physical memory or swap space
#   Check if swap backing store is full
#   Decrease Java heap size (-Xmx/-Xms)
#   Decrease number of Java threads
#   Decrease Java thread stack sizes (-Xss)
#   Set larger code cache with -XX:ReservedCodeCacheSize=
#   JVM is running with Unscaled Compressed Oops mode in which the Java heap is
#     placed in the first 4GB address space. The Java Heap base address is the
#     maximum limit for the native heap growth. Please use -XX:HeapBaseMinAddress
#     to set the Java Heap base and to place the Java Heap above 4GB virtual address.
# This output file may be truncated or incomplete.
#
#  Out of Memory Error (./open/src/hotspot/share/memory/arena.cpp:81), pid=10964, tid=5416
#
# JRE version: Java(TM) SE Runtime Environment 18.9 (11.0.15+8) (build 11.0.15+8-LTS-149)
# Java VM: Java HotSpot(TM) 64-Bit Server VM 18.9 (11.0.15+8-LTS-149, mixed mode, tiered, compressed oops, g1 gc, windows-amd64)
# No core dump will be written. Minidumps are not enabled by default on client versions of Windows
#

---------------  S U M M A R Y ------------

Command Line: -Xmx64m -Xms64m -Dorg.gradle.appname=gradlew org.gradle.wrapper.GradleWrapperMain app:installDebug -PreactNativeDevServerPort=8081

Host: AMD Ryzen 5 PRO 4650G with Radeon Graphics, 12 cores, 15G,  Windows 11 , 64 bit Build 22610 (10.0.22610.1)
Time: Sun May 29 21:19:03 2022 台北标准时间 elapsed time: 41.247057 seconds (0d 0h 0m 41s)

---------------  T H R E A D  ---------------

Current thread (0x000001212df9c800):  JavaThread "C1 CompilerThread0" daemon [_thread_in_native, id=5416, stack(0x000000150f100000,0x000000150f200000)]


Current CompileTask:
C1:  41247 1758   !   3       sun.nio.cs.DoubleByte$Encoder::encodeArrayLoop (409 bytes)

Stack: [0x000000150f100000,0x000000150f200000]
Native frames: (J=compiled Java code, j=interpreted, Vv=VM code, C=native code)
V  [jvm.dll+0x629d8a]
V  [jvm.dll+0x7638ff]
V  [jvm.dll+0x764fa9]
V  [jvm.dll+0x765633]
V  [jvm.dll+0x23d9c8]
V  [jvm.dll+0xb2c7b]
V  [jvm.dll+0xb2fdc]
V  [jvm.dll+0x23ef49]
V  [jvm.dll+0x23f0eb]
V  [jvm.dll+0x23eac9]
V  [jvm.dll+0x12e957]
V  [jvm.dll+0x12e8e5]
V  [jvm.dll+0x134bb3]
V  [jvm.dll+0x141553]
V  [jvm.dll+0x1357e0]
V  [jvm.dll+0x1352e7]
V  [jvm.dll+0x13511e]
V  [jvm.dll+0x1187c3]
V  [jvm.dll+0x1182ba]
V  [jvm.dll+0x11849f]
V  [jvm.dll+0x117744]
V  [jvm.dll+0x119617]
V  [jvm.dll+0x207026]
V  [jvm.dll+0x2051bb]
V  [jvm.dll+0x729820]
V  [jvm.dll+0x7223f4]
V  [jvm.dll+0x628c26]
C  [ucrtbase.dll+0x29363]
C  [KERNEL32.DLL+0x1244d]
C  [ntdll.dll+0x5df88]


---------------  P R O C E S S  ---------------

Threads class SMR info:
_java_thread_list=0x000001212fac9650, length=11, elements={
0x00000121144e1000, 0x000001212df1e800, 0x000001212df27000, 0x000001212df93000,
0x000001212df97000, 0x000001212df98000, 0x000001212df99000, 0x000001212df9c800,
0x000001212e81b000, 0x000001212e9a0000, 0x000001212fb2d000
}

Java Threads: ( => current thread )
  0x00000121144e1000 JavaThread "main" [_thread_blocked, id=10208, stack(0x000000150e400000,0x000000150e500000)]
  0x000001212df1e800 JavaThread "Reference Handler" daemon [_thread_blocked, id=20680, stack(0x000000150eb00000,0x000000150ec00000)]
  0x000001212df27000 JavaThread "Finalizer" daemon [_thread_blocked, id=22996, stack(0x000000150ec00000,0x000000150ed00000)]
  0x000001212df93000 JavaThread "Signal Dispatcher" daemon [_thread_blocked, id=10432, stack(0x000000150ed00000,0x000000150ee00000)]
  0x000001212df97000 JavaThread "Attach Listener" daemon [_thread_blocked, id=20280, stack(0x000000150ee00000,0x000000150ef00000)]
  0x000001212df98000 JavaThread "Service Thread" daemon [_thread_blocked, id=9412, stack(0x000000150ef00000,0x000000150f000000)]
  0x000001212df99000 JavaThread "C2 CompilerThread0" daemon [_thread_blocked, id=16000, stack(0x000000150f000000,0x000000150f100000)]
=>0x000001212df9c800 JavaThread "C1 CompilerThread0" daemon [_thread_in_native, id=5416, stack(0x000000150f100000,0x000000150f200000)]
  0x000001212e81b000 JavaThread "Sweeper thread" daemon [_thread_blocked, id=7544, stack(0x000000150f200000,0x000000150f300000)]
  0x000001212e9a0000 JavaThread "Common-Cleaner" daemon [_thread_blocked, id=23876, stack(0x000000150f400000,0x000000150f500000)]
  0x000001212fb2d000 JavaThread "DisconnectableInputStream source reader" daemon [_thread_in_native, id=18716, stack(0x000000150f800000,0x000000150f900000)]

Other Threads:
  0x000001212defb800 VMThread "VM Thread" [stack: 0x000000150ea00000,0x000000150eb00000] [id=22408] _threads_hazard_ptr=0x000001212fac9650
  0x00000121144f8800 GCTaskThread "GC Thread#0" [stack: 0x000000150e500000,0x000000150e600000] [id=296]
  0x000001212f477800 GCTaskThread "GC Thread#1" [stack: 0x000000150f600000,0x000000150f700000] [id=12540]
  0x000001212fde8000 GCTaskThread "GC Thread#2" [stack: 0x000000150fa00000,0x000000150fb00000] [id=18844]
  0x000001212fde9000 GCTaskThread "GC Thread#3" [stack: 0x000000150fb00000,0x000000150fc00000] [id=14624]
  0x000001212fde9800 GCTaskThread "GC Thread#4" [stack: 0x000000150fc00000,0x000000150fd00000] [id=25960]
  0x000001212fdea800 GCTaskThread "GC Thread#5" [stack: 0x000000150fd00000,0x000000150fe00000] [id=22340]
  0x0000012114500000 ConcurrentGCThread "G1 Main Marker" [stack: 0x000000150e600000,0x000000150e700000] [id=8544]
  0x0000012114503000 ConcurrentGCThread "G1 Conc#0" [stack: 0x000000150e700000,0x000000150e800000] [id=6816]
  0x0000012114573000 ConcurrentGCThread "G1 Refine#0" [stack: 0x000000150e800000,0x000000150e900000] [id=5292]
  0x0000012114576000 ConcurrentGCThread "G1 Young RemSet Sampling" [stack: 0x000000150e900000,0x000000150ea00000] [id=8968]

Threads with active compile tasks:
C1 CompilerThread0  41285 1758   !   3       sun.nio.cs.DoubleByte$Encoder::encodeArrayLoop (409 bytes)

VM state:at safepoint (normal execution)

VM Mutex/Monitor currently owned by a thread:  ([mutex/lock_event])
[0x00000121144dd2e0] Threads_lock - owner thread: 0x000001212defb800

OutOfMemory and StackOverflow Exception counts:
OutOfMemoryError java_heap_errors=1
LinkageErrors=16

Heap address: 0x00000000fc000000, size: 64 MB, Compressed Oops mode: 32-bit
Narrow klass base: 0x0000000000000000, Narrow klass shift: 3
Compressed class space size: 1073741824 Address: 0x0000000100000000

Heap:
 garbage-first heap   total 65536K, used 11689K [0x00000000fc000000, 0x0000000100000000)
  region size 1024K, 4 young (4096K), 2 survivors (2048K)
 Metaspace       used 16923K, capacity 17327K, committed 17536K, reserved 1064960K
  class space    used 1922K, capacity 2062K, committed 2176K, reserved 1048576K
Heap Regions: E=young(eden), S=young(survivor), O=old, HS=humongous(starts), HC=humongous(continues), CS=collection set, F=free, A=archive, TAMS=top-at-mark-start (previous, next)
|   0|0x00000000fc000000, 0x00000000fc100000, 0x00000000fc100000|100%| O|  |TAMS 0x00000000fc000000, 0x00000000fc000000| Untracked 
|   1|0x00000000fc100000, 0x00000000fc200000, 0x00000000fc200000|100%| O|  |TAMS 0x00000000fc100000, 0x00000000fc100000| Untracked 
|   2|0x00000000fc200000, 0x00000000fc246800, 0x00000000fc300000| 27%| O|  |TAMS 0x00000000fc200000, 0x00000000fc200000| Untracked 
|   3|0x00000000fc300000, 0x00000000fc400000, 0x00000000fc400000|100%|HS|  |TAMS 0x00000000fc300000, 0x00000000fc300000| Complete 
|   4|0x00000000fc400000, 0x00000000fc500000, 0x00000000fc500000|100%|HC|  |TAMS 0x00000000fc400000, 0x00000000fc400000| Complete 
|   5|0x00000000fc500000, 0x00000000fc600000, 0x00000000fc600000|100%|HC|  |TAMS 0x00000000fc500000, 0x00000000fc500000| Complete 
|   6|0x00000000fc600000, 0x00000000fc700000, 0x00000000fc700000|100%| O|  |TAMS 0x00000000fc600000, 0x00000000fc600000| Untracked 
|   7|0x00000000fc700000, 0x00000000fc800000, 0x00000000fc800000|100%| O|  |TAMS 0x00000000fc700000, 0x00000000fc700000| Untracked 
|   8|0x00000000fc800000, 0x00000000fc900000, 0x00000000fc900000|100%| O|  |TAMS 0x00000000fc800000, 0x00000000fc800000| Untracked 
|   9|0x00000000fc900000, 0x00000000fca00000, 0x00000000fca00000|100%| O|  |TAMS 0x00000000fc900000, 0x00000000fc900000| Untracked 
|  10|0x00000000fca00000, 0x00000000fca00000, 0x00000000fcb00000|  0%| F|  |TAMS 0x00000000fca00000, 0x00000000fca00000| Untracked 
|  11|0x00000000fcb00000, 0x00000000fcb00000, 0x00000000fcc00000|  0%| F|  |TAMS 0x00000000fcb00000, 0x00000000fcb00000| Untracked 
|  12|0x00000000fcc00000, 0x00000000fcc00000, 0x00000000fcd00000|  0%| F|  |TAMS 0x00000000fcc00000, 0x00000000fcc00000| Untracked 
|  13|0x00000000fcd00000, 0x00000000fcd00000, 0x00000000fce00000|  0%| F|  |TAMS 0x00000000fcd00000, 0x00000000fcd00000| Untracked 
|  14|0x00000000fce00000, 0x00000000fce00000, 0x00000000fcf00000|  0%| F|  |TAMS 0x00000000fce00000, 0x00000000fce00000| Untracked 
|  15|0x00000000fcf00000, 0x00000000fcf00000, 0x00000000fd000000|  0%| F|  |TAMS 0x00000000fcf00000, 0x00000000fcf00000| Untracked 
|  16|0x00000000fd000000, 0x00000000fd000000, 0x00000000fd100000|  0%| F|  |TAMS 0x00000000fd000000, 0x00000000fd000000| Untracked 
|  17|0x00000000fd100000, 0x00000000fd100000, 0x00000000fd200000|  0%| F|  |TAMS 0x00000000fd100000, 0x00000000fd100000| Untracked 
|  18|0x00000000fd200000, 0x00000000fd200000, 0x00000000fd300000|  0%| F|  |TAMS 0x00000000fd200000, 0x00000000fd200000| Untracked 
|  19|0x00000000fd300000, 0x00000000fd300000, 0x00000000fd400000|  0%| F|  |TAMS 0x00000000fd300000, 0x00000000fd300000| Untracked 
|  20|0x00000000fd400000, 0x00000000fd400000, 0x00000000fd500000|  0%| F|  |TAMS 0x00000000fd400000, 0x00000000fd400000| Untracked 
|  21|0x00000000fd500000, 0x00000000fd500000, 0x00000000fd600000|  0%| F|  |TAMS 0x00000000fd500000, 0x00000000fd500000| Untracked 
|  22|0x00000000fd600000, 0x00000000fd600000, 0x00000000fd700000|  0%| F|  |TAMS 0x00000000fd600000, 0x00000000fd600000| Untracked 
|  23|0x00000000fd700000, 0x00000000fd700000, 0x00000000fd800000|  0%| F|  |TAMS 0x00000000fd700000, 0x00000000fd700000| Untracked 
|  24|0x00000000fd800000, 0x00000000fd800000, 0x00000000fd900000|  0%| F|  |TAMS 0x00000000fd800000, 0x00000000fd800000| Untracked 
|  25|0x00000000fd900000, 0x00000000fd900000, 0x00000000fda00000|  0%| F|  |TAMS 0x00000000fd900000, 0x00000000fd900000| Untracked 
|  26|0x00000000fda00000, 0x00000000fda00000, 0x00000000fdb00000|  0%| F|  |TAMS 0x00000000fda00000, 0x00000000fda00000| Untracked 
|  27|0x00000000fdb00000, 0x00000000fdb00000, 0x00000000fdc00000|  0%| F|  |TAMS 0x00000000fdb00000, 0x00000000fdb00000| Untracked 
|  28|0x00000000fdc00000, 0x00000000fdc00000, 0x00000000fdd00000|  0%| F|  |TAMS 0x00000000fdc00000, 0x00000000fdc00000| Untracked 
|  29|0x00000000fdd00000, 0x00000000fdd00000, 0x00000000fde00000|  0%| F|  |TAMS 0x00000000fdd00000, 0x00000000fdd00000| Untracked 
|  30|0x00000000fde00000, 0x00000000fde00000, 0x00000000fdf00000|  0%| F|  |TAMS 0x00000000fde00000, 0x00000000fde00000| Untracked 
|  31|0x00000000fdf00000, 0x00000000fdf00000, 0x00000000fe000000|  0%| F|  |TAMS 0x00000000fdf00000, 0x00000000fdf00000| Untracked 
|  32|0x00000000fe000000, 0x00000000fe000000, 0x00000000fe100000|  0%| F|  |TAMS 0x00000000fe000000, 0x00000000fe000000| Untracked 
|  33|0x00000000fe100000, 0x00000000fe100000, 0x00000000fe200000|  0%| F|  |TAMS 0x00000000fe100000, 0x00000000fe100000| Untracked 
|  34|0x00000000fe200000, 0x00000000fe223e80, 0x00000000fe300000| 14%| S|CS|TAMS 0x00000000fe200000, 0x00000000fe200000| Complete 
|  35|0x00000000fe300000, 0x00000000fe400000, 0x00000000fe400000|100%| S|CS|TAMS 0x00000000fe300000, 0x00000000fe300000| Complete 
|  36|0x00000000fe400000, 0x00000000fe400000, 0x00000000fe500000|  0%| F|  |TAMS 0x00000000fe400000, 0x00000000fe400000| Untracked 
|  37|0x00000000fe500000, 0x00000000fe500000, 0x00000000fe600000|  0%| F|  |TAMS 0x00000000fe500000, 0x00000000fe500000| Untracked 
|  38|0x00000000fe600000, 0x00000000fe600000, 0x00000000fe700000|  0%| F|  |TAMS 0x00000000fe600000, 0x00000000fe600000| Untracked 
|  39|0x00000000fe700000, 0x00000000fe700000, 0x00000000fe800000|  0%| F|  |TAMS 0x00000000fe700000, 0x00000000fe700000| Untracked 
|  40|0x00000000fe800000, 0x00000000fe800000, 0x00000000fe900000|  0%| F|  |TAMS 0x00000000fe800000, 0x00000000fe800000| Untracked 
|  41|0x00000000fe900000, 0x00000000fe900000, 0x00000000fea00000|  0%| F|  |TAMS 0x00000000fe900000, 0x00000000fe900000| Untracked 
|  42|0x00000000fea00000, 0x00000000fea00000, 0x00000000feb00000|  0%| F|  |TAMS 0x00000000fea00000, 0x00000000fea00000| Untracked 
|  43|0x00000000feb00000, 0x00000000feb00000, 0x00000000fec00000|  0%| F|  |TAMS 0x00000000feb00000, 0x00000000feb00000| Untracked 
|  44|0x00000000fec00000, 0x00000000fec00000, 0x00000000fed00000|  0%| F|  |TAMS 0x00000000fec00000, 0x00000000fec00000| Untracked 
|  45|0x00000000fed00000, 0x00000000fed00000, 0x00000000fee00000|  0%| F|  |TAMS 0x00000000fed00000, 0x00000000fed00000| Untracked 
|  46|0x00000000fee00000, 0x00000000fee00000, 0x00000000fef00000|  0%| F|  |TAMS 0x00000000fee00000, 0x00000000fee00000| Untracked 
|  47|0x00000000fef00000, 0x00000000fef00000, 0x00000000ff000000|  0%| F|  |TAMS 0x00000000fef00000, 0x00000000fef00000| Untracked 
|  48|0x00000000ff000000, 0x00000000ff000000, 0x00000000ff100000|  0%| F|  |TAMS 0x00000000ff000000, 0x00000000ff000000| Untracked 
|  49|0x00000000ff100000, 0x00000000ff100000, 0x00000000ff200000|  0%| F|  |TAMS 0x00000000ff100000, 0x00000000ff100000| Untracked 
|  50|0x00000000ff200000, 0x00000000ff200000, 0x00000000ff300000|  0%| F|  |TAMS 0x00000000ff200000, 0x00000000ff200000| Untracked 
|  51|0x00000000ff300000, 0x00000000ff300000, 0x00000000ff400000|  0%| F|  |TAMS 0x00000000ff300000, 0x00000000ff300000| Untracked 
|  52|0x00000000ff400000, 0x00000000ff400000, 0x00000000ff500000|  0%| F|  |TAMS 0x00000000ff400000, 0x00000000ff400000| Untracked 
|  53|0x00000000ff500000, 0x00000000ff500000, 0x00000000ff600000|  0%| F|  |TAMS 0x00000000ff500000, 0x00000000ff500000| Untracked 
|  54|0x00000000ff600000, 0x00000000ff600000, 0x00000000ff700000|  0%| F|  |TAMS 0x00000000ff600000, 0x00000000ff600000| Untracked 
|  55|0x00000000ff700000, 0x00000000ff700000, 0x00000000ff800000|  0%| F|  |TAMS 0x00000000ff700000, 0x00000000ff700000| Untracked 
|  56|0x00000000ff800000, 0x00000000ff800000, 0x00000000ff900000|  0%| F|  |TAMS 0x00000000ff800000, 0x00000000ff800000| Untracked 
|  57|0x00000000ff900000, 0x00000000ff900000, 0x00000000ffa00000|  0%| F|  |TAMS 0x00000000ff900000, 0x00000000ff900000| Untracked 
|  58|0x00000000ffa00000, 0x00000000ffa00000, 0x00000000ffb00000|  0%| F|  |TAMS 0x00000000ffa00000, 0x00000000ffa00000| Untracked 
|  59|0x00000000ffb00000, 0x00000000ffb00000, 0x00000000ffc00000|  0%| F|  |TAMS 0x00000000ffb00000, 0x00000000ffb00000| Untracked 
|  60|0x00000000ffc00000, 0x00000000ffc00000, 0x00000000ffd00000|  0%| F|  |TAMS 0x00000000ffc00000, 0x00000000ffc00000| Untracked 
|  61|0x00000000ffd00000, 0x00000000ffd00000, 0x00000000ffe00000|  0%| F|  |TAMS 0x00000000ffd00000, 0x00000000ffd00000| Untracked 
|  62|0x00000000ffe00000, 0x00000000ffebf080, 0x00000000fff00000| 74%| E|  |TAMS 0x00000000ffe00000, 0x00000000ffe00000| Complete 
|  63|0x00000000fff00000, 0x0000000100000000, 0x0000000100000000|100%| E|CS|TAMS 0x00000000fff00000, 0x00000000fff00000| Complete 

Card table byte_map: [0x0000012114430000,0x0000012114450000] _byte_map_base: 0x0000012113c50000

Marking Bits (Prev, Next): (CMBitMap*) 0x00000121144ff128, (CMBitMap*) 0x00000121144ff160
 Prev Bits: [0x000001212b0f0000, 0x000001212b1f0000)
 Next Bits: [0x000001212b1f0000, 0x000001212b2f0000)

Polling page: 0x0000012113cb0000

Metaspace:

Usage:
  Non-class:     14.91 MB capacity,    14.65 MB ( 98%) used,   238.12 KB (  2%) free+waste,    25.19 KB ( <1%) overhead. 
      Class:      2.01 MB capacity,     1.88 MB ( 93%) used,   126.98 KB (  6%) free+waste,    12.81 KB ( <1%) overhead. 
       Both:     16.92 MB capacity,    16.53 MB ( 98%) used,   365.10 KB (  2%) free+waste,    38.00 KB ( <1%) overhead. 

Virtual space:
  Non-class space:       16.00 MB reserved,      15.00 MB ( 94%) committed 
      Class space:        1.00 GB reserved,       2.13 MB ( <1%) committed 
             Both:        1.02 GB reserved,      17.13 MB (  2%) committed 

Chunk freelists:
   Non-Class:  3.88 KB
       Class:  2.25 KB
        Both:  6.13 KB

CodeHeap 'non-profiled nmethods': size=120000Kb used=590Kb max_used=590Kb free=119409Kb
 bounds [0x0000012123650000, 0x00000121238c0000, 0x000001212ab80000]
CodeHeap 'profiled nmethods': size=120000Kb used=3452Kb max_used=3452Kb free=116547Kb
 bounds [0x000001211c120000, 0x000001211c480000, 0x0000012123650000]
CodeHeap 'non-nmethods': size=5760Kb used=1114Kb max_used=1128Kb free=4646Kb
 bounds [0x000001211bb80000, 0x000001211bdf0000, 0x000001211c120000]
 total_blobs=2196 nmethods=1756 adapters=352
 compilation: enabled
              stopped_count=0, restarted_count=0
 full_count=0

Compilation events (10 events):
Event: 41.229 Thread 0x000001212df99000 nmethod 1752 0x00000121236e3210 code [0x00000121236e33a0, 0x00000121236e3528]
Event: 41.234 Thread 0x000001212df9c800 1754       3       jdk.internal.org.objectweb.asm.ClassWriter::visitMethod (20 bytes)
Event: 41.234 Thread 0x000001212df9c800 nmethod 1754 0x000001211c478d10 code [0x000001211c478ec0, 0x000001211c4790a8]
Event: 41.234 Thread 0x000001212df9c800 1756       3       jdk.internal.org.objectweb.asm.MethodWriter::visitMaxs (1144 bytes)
Event: 41.237 Thread 0x000001212df9c800 nmethod 1756 0x000001211c479190 code [0x000001211c479680, 0x000001211c47bfa8]
Event: 41.237 Thread 0x000001212df9c800 1755       3       jdk.internal.org.objectweb.asm.MethodWriter::<init> (247 bytes)
Event: 41.239 Thread 0x000001212df9c800 nmethod 1755 0x000001211c47d910 code [0x000001211c47dba0, 0x000001211c47e9a8]
Event: 41.239 Thread 0x000001212df9c800 1757       3       java.lang.invoke.MethodType::basicType (8 bytes)
Event: 41.239 Thread 0x000001212df9c800 nmethod 1757 0x000001211c47ee90 code [0x000001211c47f020, 0x000001211c47f138]
Event: 41.240 Thread 0x000001212df9c800 1758   !   3       sun.nio.cs.DoubleByte$Encoder::encodeArrayLoop (409 bytes)

GC Heap History (4 events):
Event: 0.672 GC heap before
{Heap before GC invocations=0 (full 0):
 garbage-first heap   total 65536K, used 29696K [0x00000000fc000000, 0x0000000100000000)
  region size 1024K, 24 young (24576K), 0 survivors (0K)
 Metaspace       used 10430K, capacity 10717K, committed 11008K, reserved 1058816K
  class space    used 1078K, capacity 1165K, committed 1280K, reserved 1048576K
}
Event: 0.676 GC heap after
{Heap after GC invocations=1 (full 0):
 garbage-first heap   total 65536K, used 9656K [0x00000000fc000000, 0x0000000100000000)
  region size 1024K, 3 young (3072K), 3 survivors (3072K)
 Metaspace       used 10430K, capacity 10717K, committed 11008K, reserved 1058816K
  class space    used 1078K, capacity 1165K, committed 1280K, reserved 1048576K
}
Event: 29.638 GC heap before
{Heap before GC invocations=1 (full 0):
 garbage-first heap   total 65536K, used 35256K [0x00000000fc000000, 0x0000000100000000)
  region size 1024K, 28 young (28672K), 3 survivors (3072K)
 Metaspace       used 16675K, capacity 17059K, committed 17280K, reserved 1064960K
  class space    used 1908K, capacity 2058K, committed 2176K, reserved 1048576K
}
Event: 29.642 GC heap after
{Heap after GC invocations=2 (full 0):
 garbage-first heap   total 65536K, used 10665K [0x00000000fc000000, 0x0000000100000000)
  region size 1024K, 2 young (2048K), 2 survivors (2048K)
 Metaspace       used 16675K, capacity 17059K, committed 17280K, reserved 1064960K
  class space    used 1908K, capacity 2058K, committed 2176K, reserved 1048576K
}

Deoptimization events (10 events):
Event: 2.564 Thread 0x000001212fc92000 Uncommon trap: reason=unstable_if action=reinterpret pc=0x000001212368c958 method=java.lang.AbstractStringBuilder.isLatin1()Z @ 10 c2
Event: 2.564 Thread 0x000001212fc92000 Uncommon trap: reason=unstable_if action=reinterpret pc=0x000001212368516c method=java.lang.String.getBytes([BIB)V @ 5 c2
Event: 2.564 Thread 0x000001212fc92000 Uncommon trap: reason=unstable_if action=reinterpret pc=0x000001212367baf4 method=java.lang.AbstractStringBuilder.isLatin1()Z @ 10 c2
Event: 2.564 Thread 0x000001212fc92000 Uncommon trap: reason=unstable_if action=reinterpret pc=0x00000121236ab298 method=java.lang.AbstractStringBuilder.isLatin1()Z @ 10 c2
Event: 2.587 Thread 0x000001212fc92000 Uncommon trap: reason=unstable_if action=reinterpret pc=0x000001212368728c method=java.util.HashMap.getNode(ILjava/lang/Object;)Ljava/util/HashMap$Node; @ 129 c2
Event: 5.669 Thread 0x000001212fc92000 Uncommon trap: reason=unstable_if action=reinterpret pc=0x000001212366be7c method=java.lang.String.codePointAt(I)I @ 4 c2
Event: 5.670 Thread 0x000001212fc92000 Uncommon trap: reason=class_check action=maybe_recompile pc=0x00000121236af32c method=java.util.concurrent.ConcurrentHashMap.putVal(Ljava/lang/Object;Ljava/lang/Object;Z)Ljava/lang/Object; @ 159 c2
Event: 41.222 Thread 0x00000121144e1000 Uncommon trap: reason=unstable_if action=reinterpret pc=0x0000012123666908 method=java.lang.StringUTF16.compress([CI[BII)I @ 20 c2
Event: 41.223 Thread 0x00000121144e1000 Uncommon trap: reason=unstable_if action=reinterpret pc=0x0000012123679f28 method=java.lang.String.equals(Ljava/lang/Object;)Z @ 27 c2
Event: 41.223 Thread 0x00000121144e1000 Uncommon trap: reason=unloaded action=reinterpret pc=0x00000121236e1d98 method=com.esotericsoftware.kryo.io.Input.fill([BII)I @ 22 c2

Classes redefined (0 events):
No events

Internal exceptions (10 events):
Event: 2.411 Thread 0x00000121144e1000 Implicit null exception at 0x00000121236841f4 to 0x0000012123684770
Event: 2.414 Thread 0x00000121144e1000 Implicit null exception at 0x000001212368fff4 to 0x0000012123690544
Event: 2.581 Thread 0x000001212fc92000 Exception <a 'java/lang/NoSuchMethodError'{0x00000000fe99f658}: java.lang.invoke.DirectMethodHandle$Holder.invokeStatic(Ljava/lang/Object;J)V> (0x00000000fe99f658) thrown at [./open/src/hotspot/share/interpreter/linkResolver.cpp, line 772]
Event: 2.582 Thread 0x000001212fc92000 Exception <a 'java/lang/NoSuchMethodError'{0x00000000fe9a4860}: java.lang.invoke.DirectMethodHandle$Holder.invokeStatic(Ljava/lang/Object;J)Ljava/lang/Object;> (0x00000000fe9a4860) thrown at [./open/src/hotspot/share/interpreter/linkResolver.cpp, line 772
Event: 2.584 Thread 0x000001212fc92000 Exception <a 'java/lang/NoSuchMethodError'{0x00000000fe9b28f8}: java.lang.invoke.DirectMethodHandle$Holder.invokeStaticInit(Ljava/lang/Object;Ljava/lang/Object;JLjava/lang/Object;)Ljava/lang/Object;> (0x00000000fe9b28f8) thrown at [./open/src/hotspot/shar
Event: 2.584 Thread 0x000001212fc92000 Exception <a 'java/lang/NoSuchMethodError'{0x00000000fe9b8818}: java.lang.invoke.DirectMethodHandle$Holder.invokeStatic(Ljava/lang/Object;Ljava/lang/Object;J)Ljava/lang/Object;> (0x00000000fe9b8818) thrown at [./open/src/hotspot/share/interpreter/linkReso
Event: 2.584 Thread 0x000001212fc92000 Exception <a 'java/lang/NoSuchMethodError'{0x00000000fe9beae8}: java.lang.invoke.Invokers$Holder.linkToTargetMethod(Ljava/lang/Object;JLjava/lang/Object;)Ljava/lang/Object;> (0x00000000fe9beae8) thrown at [./open/src/hotspot/share/interpreter/linkResolver
Event: 41.223 Thread 0x00000121144e1000 Exception <a 'java/io/IOException'{0x00000000fff534e8}> (0x00000000fff534e8) thrown at [./open/src/hotspot/share/prims/jni.cpp, line 611]
Event: 41.224 Thread 0x000001212fdec000 Exception <a 'java/io/IOException'{0x00000000ffe251d8}> (0x00000000ffe251d8) thrown at [./open/src/hotspot/share/prims/jni.cpp, line 611]
Event: 41.243 Thread 0x00000121144e1000 Exception <a 'java/lang/OutOfMemoryError'{0x00000000ffe4a298}: unable to create native thread: possibly out of memory or process/resource limits reached> (0x00000000ffe4a298) thrown at [./open/src/hotspot/share/prims/jvm.cpp, line 2923]

Events (10 events):
Event: 41.241 loading class org/gradle/launcher/bootstrap/ProcessCompleter
Event: 41.241 loading class org/gradle/launcher/bootstrap/ProcessCompleter done
Event: 41.241 Executing VM operation: RevokeBias
Event: 41.242 Executing VM operation: RevokeBias done
Event: 41.242 Thread 0x000001212f5d5000 Thread exited: 0x000001212f5d5000
Event: 41.242 loading class java/util/IdentityHashMap$KeyIterator
Event: 41.242 loading class java/util/IdentityHashMap$IdentityHashMapIterator
Event: 41.242 loading class java/util/IdentityHashMap$IdentityHashMapIterator done
Event: 41.242 loading class java/util/IdentityHashMap$KeyIterator done
Event: 41.243 Executing VM operation: Exit


Dynamic libraries:
0x00007ff637750000 - 0x00007ff63775f000 	C:\Program Files\Java\jdk-11.0.15\bin\java.exe
0x00007ffc4a3d0000 - 0x00007ffc4a5e4000 	C:\WINDOWS\SYSTEM32\ntdll.dll
0x00007ffc49860000 - 0x00007ffc49922000 	C:\WINDOWS\System32\KERNEL32.DLL
0x00007ffc47e50000 - 0x00007ffc481eb000 	C:\WINDOWS\System32\KERNELBASE.dll
0x00007ffc478e0000 - 0x00007ffc479f1000 	C:\WINDOWS\System32\ucrtbase.dll
0x00007ffc2f1e0000 - 0x00007ffc2f1f5000 	C:\Program Files\Java\jdk-11.0.15\bin\VCRUNTIME140.dll
0x00007ffc2f290000 - 0x00007ffc2f2a8000 	C:\Program Files\Java\jdk-11.0.15\bin\jli.dll
0x00007ffc499f0000 - 0x00007ffc49a9e000 	C:\WINDOWS\System32\ADVAPI32.dll
0x00007ffc49f30000 - 0x00007ffc49fd7000 	C:\WINDOWS\System32\msvcrt.dll
0x00007ffc49aa0000 - 0x00007ffc49b44000 	C:\WINDOWS\System32\sechost.dll
0x00007ffc48a00000 - 0x00007ffc48b15000 	C:\WINDOWS\System32\RPCRT4.dll
0x00007ffc48e50000 - 0x00007ffc48ffb000 	C:\WINDOWS\System32\USER32.dll
0x00007ffc47a00000 - 0x00007ffc47a26000 	C:\WINDOWS\System32\win32u.dll
0x00007ffc48310000 - 0x00007ffc48339000 	C:\WINDOWS\System32\GDI32.dll
0x00007ffc2b5c0000 - 0x00007ffc2b84e000 	C:\WINDOWS\WinSxS\amd64_microsoft.windows.common-controls_6595b64144ccf1df_6.0.22610.1_none_60e402979af6a548\COMCTL32.dll
0x00007ffc47d30000 - 0x00007ffc47e42000 	C:\WINDOWS\System32\gdi32full.dll
0x00007ffc47c10000 - 0x00007ffc47caa000 	C:\WINDOWS\System32\msvcp_win.dll
0x00007ffc3ee00000 - 0x00007ffc3ee0a000 	C:\WINDOWS\SYSTEM32\VERSION.dll
0x00007ffc49930000 - 0x00007ffc49961000 	C:\WINDOWS\System32\IMM32.DLL
0x00007ffc21340000 - 0x00007ffc213db000 	C:\Program Files\Java\jdk-11.0.15\bin\msvcp140.dll
0x00007ffbe7c70000 - 0x00007ffbe8786000 	C:\Program Files\Java\jdk-11.0.15\bin\server\jvm.dll
0x00007ffc489f0000 - 0x00007ffc489f8000 	C:\WINDOWS\System32\PSAPI.DLL
0x00007ffc3edc0000 - 0x00007ffc3edf4000 	C:\WINDOWS\SYSTEM32\WINMM.dll
0x00007ffc44b40000 - 0x00007ffc44b49000 	C:\WINDOWS\SYSTEM32\WSOCK32.dll
0x00007ffc49970000 - 0x00007ffc499e1000 	C:\WINDOWS\System32\WS2_32.dll
0x00007ffc46850000 - 0x00007ffc46868000 	C:\WINDOWS\SYSTEM32\kernel.appcore.dll
0x00007ffc430f0000 - 0x00007ffc43100000 	C:\Program Files\Java\jdk-11.0.15\bin\verify.dll
0x00007ffc39340000 - 0x00007ffc3956e000 	C:\WINDOWS\SYSTEM32\DBGHELP.DLL
0x00007ffc49ba0000 - 0x00007ffc49f29000 	C:\WINDOWS\System32\combase.dll
0x00007ffc4a2b0000 - 0x00007ffc4a387000 	C:\WINDOWS\System32\OLEAUT32.dll
0x00007ffc38e70000 - 0x00007ffc38ea2000 	C:\WINDOWS\SYSTEM32\dbgcore.DLL
0x00007ffc47cb0000 - 0x00007ffc47d2b000 	C:\WINDOWS\System32\bcryptPrimitives.dll
0x00007ffc2f1b0000 - 0x00007ffc2f1d8000 	C:\Program Files\Java\jdk-11.0.15\bin\java.dll
0x00007ffc42b40000 - 0x00007ffc42b4a000 	C:\Program Files\Java\jdk-11.0.15\bin\jimage.dll
0x00007ffc2f190000 - 0x00007ffc2f1a6000 	C:\Program Files\Java\jdk-11.0.15\bin\zip.dll
0x00007ffc49000000 - 0x00007ffc497d8000 	C:\WINDOWS\System32\SHELL32.dll
0x00007ffc45840000 - 0x00007ffc460f8000 	C:\WINDOWS\SYSTEM32\windows.storage.dll
0x00007ffc45700000 - 0x00007ffc4583d000 	C:\WINDOWS\SYSTEM32\wintypes.dll
0x00007ffc481f0000 - 0x00007ffc482e1000 	C:\WINDOWS\System32\SHCORE.dll
0x00007ffc48b20000 - 0x00007ffc48b7e000 	C:\WINDOWS\System32\shlwapi.dll
0x00007ffc47750000 - 0x00007ffc47771000 	C:\WINDOWS\SYSTEM32\profapi.dll
0x00007ffc2f170000 - 0x00007ffc2f189000 	C:\Program Files\Java\jdk-11.0.15\bin\net.dll
0x00007ffc3f8b0000 - 0x00007ffc3f9df000 	C:\WINDOWS\SYSTEM32\WINHTTP.dll
0x00007ffc46ca0000 - 0x00007ffc46d09000 	C:\WINDOWS\system32\mswsock.dll
0x00007ffc2f0f0000 - 0x00007ffc2f102000 	C:\Program Files\Java\jdk-11.0.15\bin\nio.dll
0x00007ffbf9190000 - 0x00007ffbf91b7000 	C:\Users\Tong-one\.gradle\native\e1d6ef7f7dcc3fd88c89a11ec53ec762bb8ba0a96d01ffa2cd45eb1d1d8dd5c5\windows-amd64\native-platform.dll
0x00007ffc35fd0000 - 0x00007ffc35fda000 	C:\Users\Tong-one\.gradle\native\jansi\1.18\windows64\jansi.dll
0x00007ffc3b140000 - 0x00007ffc3b149000 	C:\Program Files\Java\jdk-11.0.15\bin\management.dll
0x00007ffc391b0000 - 0x00007ffc391bb000 	C:\Program Files\Java\jdk-11.0.15\bin\management_ext.dll
0x00007ffc47020000 - 0x00007ffc4703b000 	C:\WINDOWS\SYSTEM32\CRYPTSP.dll
0x00007ffc467c0000 - 0x00007ffc467f5000 	C:\WINDOWS\system32\rsaenh.dll
0x00007ffc46d40000 - 0x00007ffc46d68000 	C:\WINDOWS\SYSTEM32\USERENV.dll
0x00007ffc471d0000 - 0x00007ffc471f8000 	C:\WINDOWS\SYSTEM32\bcrypt.dll
0x00007ffc46f90000 - 0x00007ffc46f9c000 	C:\WINDOWS\SYSTEM32\CRYPTBASE.dll
0x00007ffc46350000 - 0x00007ffc4637d000 	C:\WINDOWS\SYSTEM32\IPHLPAPI.DLL
0x00007ffc497e0000 - 0x00007ffc497e9000 	C:\WINDOWS\System32\NSI.dll
0x00007ffc3f760000 - 0x00007ffc3f779000 	C:\WINDOWS\SYSTEM32\dhcpcsvc6.DLL
0x00007ffc3f740000 - 0x00007ffc3f75f000 	C:\WINDOWS\SYSTEM32\dhcpcsvc.DLL
0x00007ffc463c0000 - 0x00007ffc464b2000 	C:\WINDOWS\SYSTEM32\DNSAPI.dll

dbghelp: loaded successfully - version: 4.0.5 - missing functions: none
symbol engine: initialized successfully - sym options: 0x614 - pdb path: .;C:\Program Files\Java\jdk-11.0.15\bin;C:\WINDOWS\SYSTEM32;C:\WINDOWS\WinSxS\amd64_microsoft.windows.common-controls_6595b64144ccf1df_6.0.22610.1_none_60e402979af6a548;C:\Program Files\Java\jdk-11.0.15\bin\server;C:\Users\Tong-one\.gradle\native\e1d6ef7f7dcc3fd88c89a11ec53ec762bb8ba0a96d01ffa2cd45eb1d1d8dd5c5\windows-amd64;C:\Users\Tong-one\.gradle\native\jansi\1.18\windows64

VM Arguments:
jvm_args: -Xmx64m -Xms64m -Dorg.gradle.appname=gradlew 
java_command: org.gradle.wrapper.GradleWrapperMain app:installDebug -PreactNativeDevServerPort=8081
java_class_path (initial): D:\FrontProject\Metacubes\android\\gradle\wrapper\gradle-wrapper.jar
Launcher Type: SUN_STANDARD

[Global flags]
     intx CICompilerCount                          = 4                                         {product} {ergonomic}
     uint ConcGCThreads                            = 3                                         {product} {ergonomic}
     uint G1ConcRefinementThreads                  = 10                                        {product} {ergonomic}
   size_t G1HeapRegionSize                         = 1048576                                   {product} {ergonomic}
    uintx GCDrainStackTargetSize                   = 64                                        {product} {ergonomic}
   size_t InitialHeapSize                          = 67108864                                  {product} {command line}
   size_t MarkStackSize                            = 4194304                                   {product} {ergonomic}
   size_t MaxHeapSize                              = 67108864                                  {product} {command line}
   size_t MaxNewSize                               = 39845888                                  {product} {ergonomic}
   size_t MinHeapDeltaBytes                        = 1048576                                   {product} {ergonomic}
    uintx NonNMethodCodeHeapSize                   = 5836300                                {pd product} {ergonomic}
    uintx NonProfiledCodeHeapSize                  = 122910970                              {pd product} {ergonomic}
    uintx ProfiledCodeHeapSize                     = 122910970                              {pd product} {ergonomic}
    uintx ReservedCodeCacheSize                    = 251658240                              {pd product} {ergonomic}
     bool SegmentedCodeCache                       = true                                      {product} {ergonomic}
     bool UseCompressedClassPointers               = true                                 {lp64_product} {ergonomic}
     bool UseCompressedOops                        = true                                 {lp64_product} {ergonomic}
     bool UseG1GC                                  = true                                      {product} {ergonomic}
     bool UseLargePagesIndividualAllocation        = false                                  {pd product} {ergonomic}

Logging:
Log output configuration:
 #0: stdout all=warning uptime,level,tags
 #1: stderr all=off uptime,level,tags

Environment Variables:
CLASSPATH=D:\FrontProject\Metacubes\android\\gradle\wrapper\gradle-wrapper.jar
PATH=D:\FrontProject\Metacubes\android\node_modules\.bin;D:\FrontProject\Metacubes\node_modules\.bin;D:\FrontProject\node_modules\.bin;D:\node_modules\.bin;C:\Program Files\nodejs;C:\Users\Tong-one\AppData\Local\Temp\yarn--1653830284791-0.08551533159206048;D:\FrontProject\Metacubes\node_modules\.bin;C:\Users\Tong-one\AppData\Local\Yarn\Data\link\node_modules\.bin;D:\Program Files\nodejs\node_global\bin;C:\Program Files\libexec\lib\node_modules\npm\bin\node-gyp-bin;C:\Program Files\lib\node_modules\npm\bin\node-gyp-bin;C:\Program Files\nodejs\node_modules\npm\bin\node-gyp-bin;C:\Windows\system32;C:\Windows;C:\Windows\System32\Wbem;C:\Windows\System32\WindowsPowerShell\v1.0\;C:\Windows\System32\OpenSSH\;C:\Program Files\Go\bin;C:\Program Files\Git\cmd;C:\mingw64\bin;C:\Program Files\dotnet\;C:\Program Files (x86)\NVIDIA Corporation\PhysX\Common;C:\Program Files\NVIDIA Corporation\NVIDIA NvDLISR;C:\Python27;C:\WINDOWS\system32;C:\WINDOWS;C:\WINDOWS\System32\Wbem;C:\WINDOWS\System32\WindowsPowerShell\v1.0\;C:\WINDOWS\System32\OpenSSH\;C:\Program Files\Microsoft SQL Server\130\Tools\Binn\;C:\WINDOWS\system32\config\systemprofile\.dnx\bin;C:\Program Files\Microsoft DNX\Dnvm\;C:\Program Files\Microsoft SQL Server\120\Tools\Binn\;C:\Program Files\Docker\Docker\resources\bin;C:\ProgramData\DockerDesktop\version-bin;C:\Program Files\nodejs\;C:\Program Files (x86)\Tencent\微信web开发者工具\dll;C:\Users\Tong-one\AppData\Local\Android\Sdk\platform-tools;C:\Users\Tong-one\AppData\Local\Android\Sdk\emulator;C:\Users\Tong-one\AppData\Local\Android\Sdk\tools;C:\Users\Tong-one\AppData\Local\Android\Sdk\tools\bin;C:\Program Files\Java\jdk-11.0.15\bin;C:\Users\Tong-one\.cargo\bin;C:\Python3\Scripts\;C:\Python3\;D:\Program Files\nodejs\node_global;C:\Program Files\Go\bin;A:\Microsoft VS Code\bin;C:\Users\Tong-one\AppData\Local\GitHubDesktop\bin;C:\Users\Tong-one\.dotnet\tools;;C:\Users\Tong-one\AppData\Local\Microsoft\WindowsApps;C:\Users\Tong-one\AppData\Roaming\npm
USERNAME=Tong-one
OS=Windows_NT
PROCESSOR_IDENTIFIER=AMD64 Family 23 Model 96 Stepping 1, AuthenticAMD



---------------  S Y S T E M  ---------------

OS: Windows 11 , 64 bit Build 22610 (10.0.22610.1)
Hyper-V role detected

CPU:total 12 (initial active 12) (12 cores per cpu, 2 threads per core) family 23 model 96 stepping 1 microcode 0x0, cmov, cx8, fxsr, mmx, sse, sse2, sse3, ssse3, sse4.1, sse4.2, popcnt, avx, avx2, aes, clmul, mmxext, 3dnowpref, lzcnt, sse4a, ht, tsc, tscinvbit, tscinv, bmi1, bmi2, adx, 

Memory: 4k page, system-wide physical 15743M (2202M free)
TotalPageFile size 24959M (AvailPageFile size 613M)
current process WorkingSet (physical memory assigned to process): 96M, peak: 99M
current process commit charge ("private bytes"): 166M, peak: 171M

vm_info: Java HotSpot(TM) 64-Bit Server VM (11.0.15+8-LTS-149) for windows-amd64 JRE (11.0.15+8-LTS-149), built on Mar  9 2022 22:42:32 by "mach5one" with MS VC++ 15.9 (VS2017)

END.
